2025/08/08 17:24:33 
. ID: 1754648673114
. Client IP: ::1
. Method: POST
. Path: /api/v1/authen/login
. Language: 
. Status code: 400
. Time: 53.655703ms
. Request body (Content type: application/json):
{
  "password": "string",
  "username": "string"
}
. Response body (Content type: application/json; charset=utf-8):
{
  "error": {
    "message": "Invalid username or password"
  }
}
--------------------------------------------------------------------------
2025/08/08 17:24:39 
. ID: 1754648679602
. Client IP: ::1
. Method: POST
. Path: /api/v1/users?lan=vi
. Language: 
. Status code: 400
. Time: 52.900233ms
. Request body (Content type: application/json):
{
  "username": "12345",
  "password": "31231222223",
  "birthday": "2020-08-04",
  "full_name": "Phạm Thịnh 123",
  "role": "customer"
}
. Response body (Content type: application/json; charset=utf-8):
{
  "error": {
    "username": "Tên đăng nhập đã được sử dụng"
  }
}
--------------------------------------------------------------------------
2025/08/08 17:25:03 
. ID: 1754648703702
. Client IP: ::1
. Method: POST
. Path: /api/v1/users?lan=vi
. Language: vi
. Status code: 400
. Time: 53.126638ms
. Request body (Content type: application/json):
{
  "username": "12345",
  "password": "31231222223",
  "birthday": "2020-08-04",
  "full_name": "Phạm Thịnh 123",
  "role": "customer"
}
. Response body (Content type: application/json; charset=utf-8):
{
  "error": {
    "username": "Tên đăng nhập đã được sử dụng"
  }
}
--------------------------------------------------------------------------
2025/08/08 17:25:11 
. ID: 1754648711561
. Client IP: ::1
. Method: POST
. Path: /api/v1/users?lan=en
. Language: vi
. Status code: 400
. Time: 52.959185ms
. Request body (Content type: application/json):
{
  "username": "12345",
  "password": "31231222223",
  "birthday": "2020-08-04",
  "full_name": "Phạm Thịnh 123",
  "role": "customer"
}
. Response body (Content type: application/json; charset=utf-8):
{
  "error": {
    "username": "Tên đăng nhập đã được sử dụng"
  }
}
--------------------------------------------------------------------------
2025/08/08 17:25:17 
. ID: 1754648717336
. Client IP: ::1
. Method: POST
. Path: /api/v1/users?lang=en
. Language: en
. Status code: 400
. Time: 52.372055ms
. Request body (Content type: application/json):
{
  "username": "12345",
  "password": "31231222223",
  "birthday": "2020-08-04",
  "full_name": "Phạm Thịnh 123",
  "role": "customer"
}
. Response body (Content type: application/json; charset=utf-8):
{
  "error": {
    "username": "Username is already taken"
  }
}
--------------------------------------------------------------------------
2025/08/08 17:25:26 
. ID: 1754648726883
. Client IP: ::1
. Method: POST
. Path: /api/v1/users
. Language: vi
. Status code: 400
. Time: 52.070481ms
. Request body (Content type: application/json):
{
  "username": "12345",
  "password": "31231222223",
  "birthday": "2020-08-04",
  "full_name": "Phạm Thịnh 123",
  "role": "customer"
}
. Response body (Content type: application/json; charset=utf-8):
{
  "error": {
    "username": "Tên đăng nhập đã được sử dụng"
  }
}
--------------------------------------------------------------------------
2025/08/11 08:10:51 
. ID: 1754874651303
. Client IP: ::1
. Method: POST
. Path: /api/v1/authen/login
. Language: en;q=0.5
. Status code: 400
. Time: 62.443464ms
. Request body (Content type: application/json):
{
  "password": "string",
  "username": "string"
}
. Response body (Content type: application/json; charset=utf-8):
{
  "error": {
    "message": "Invalid username or password"
  }
}
--------------------------------------------------------------------------
2025/08/11 08:10:53 
. ID: 1754874653559
. Client IP: ::1
. Method: POST
. Path: /api/v1/authen/login
. Language: en;q=0.5
. Status code: 400
. Time: 52.424923ms
. Request body (Content type: application/json):
{
  "password": "string",
  "username": "string"
}
. Response body (Content type: application/json; charset=utf-8):
{
  "error": {
    "message": "Invalid username or password"
  }
}
--------------------------------------------------------------------------
2025/08/11 08:11:04 
. ID: 1754874664267
. Client IP: ::1
. Method: POST
. Path: /api/v1/authen/login
. Language: en;q=0.5
. Status code: 400
. Time: 53.133502ms
. Request body (Content type: application/json):
{
  "password": "string",
  "username": "string"
}
. Response body (Content type: application/json; charset=utf-8):
{
  "error": {
    "message": "Invalid username or password"
  }
}
--------------------------------------------------------------------------
2025/08/11 08:11:24 
. ID: 1754874684246
. Client IP: ::1
. Method: POST
. Path: /api/v1/users
. Language: vi
. Status code: 400
. Time: 52.032161ms
. Request body (Content type: application/json):
{
  "username": "12345",
  "password": "31231222223",
  "birthday": "2020-08-04",
  "full_name": "Phạm Thịnh 123",
  "role": "customer"
}
. Response body (Content type: application/json; charset=utf-8):
{
  "error": {
    "username": "Tên đăng nhập đã được sử dụng"
  }
}
--------------------------------------------------------------------------
2025/08/11 08:21:12 
. ID: 1754875272438
. Client IP: ::1
. Method: POST
. Path: /api/v1/authen/login
. Language: en;q=0.5
. Status code: 400
. Time: 57.970376ms
. Request body (Content type: application/json):
{
  "password": "string",
  "username": "string"
}
. Response body (Content type: application/json; charset=utf-8):
{
  "error": {
    "message": "Invalid username or password"
  }
}
--------------------------------------------------------------------------
2025/08/11 08:21:19 
. ID: 1754875279706
. Client IP: ::1
. Method: POST
. Path: /api/v1/authen/login
. Language: en;q=0.5
. Status code: 400
. Time: 52.91593ms
. Request body (Content type: application/json):
{
  "password": "string",
  "username": "string"
}
. Response body (Content type: application/json; charset=utf-8):
{
  "error": {
    "message": "Invalid username or password"
  }
}
--------------------------------------------------------------------------
2025/08/11 08:21:34 
. ID: 1754875294033
. Client IP: ::1
. Method: POST
. Path: /api/v1/authen/login
. Language: en;q=0.5
. Status code: 400
. Time: 52.769958ms
. Request body (Content type: application/json):
{
  "password": "string",
  "username": "string"
}
. Response body (Content type: application/json; charset=utf-8):
{
  "error": {
    "message": "Invalid username or password"
  }
}
--------------------------------------------------------------------------
2025/08/11 08:21:44 
. ID: 1754875304397
. Client IP: ::1
. Method: POST
. Path: /api/v1/authen/login
. Language: en;q=0.5
. Status code: 400
. Time: 53.576796ms
. Request body (Content type: application/json):
{
  "password": "string",
  "username": "string"
}
. Response body (Content type: application/json; charset=utf-8):
{
  "error": {
    "message": "Invalid username or password"
  }
}
--------------------------------------------------------------------------
2025/08/11 08:33:54 
. ID: 1754876034075
. Client IP: ::1
. Method: POST
. Path: /api/v1/authen/login
. Language: en;q=0.5
. Status code: 400
. Time: 61.739558ms
. Request body (Content type: application/json):
{
  "password": "string",
  "username": "string"
}
. Response body (Content type: application/json; charset=utf-8):
{
  "error": {
    "message": "Invalid username or password"
  }
}
--------------------------------------------------------------------------
2025/08/11 09:10:05 
. ID: 1754878205470
. Client IP: ::1
. Method: POST
. Path: /api/v1/authen/login
. Language: en;q=0.5
. Status code: 400
. Time: 53.858947ms
. Request body (Content type: application/json):
{
  "password": "string",
  "username": "string"
}
. Response body (Content type: application/json; charset=utf-8):
{
  "error": {
    "message": "Invalid username or password"
  }
}
--------------------------------------------------------------------------
2025/08/11 09:11:00 
. ID: 1754878260162
. Client IP: ::1
. Method: POST
. Path: /api/v1/authen/login
. Language: en;q=0.5
. Status code: 400
. Time: 52.909544ms
. Request body (Content type: application/json):
{
  "password": "string",
  "username": "string"
}
. Response body (Content type: application/json; charset=utf-8):
{
  "error": {
    "message": "Invalid username or password"
  }
}
--------------------------------------------------------------------------
2025/08/11 09:13:02 
. ID: 1754878382597
. Client IP: ::1
. Method: POST
. Path: /api/v1/authen/login
. Language: en;q=0.5
. Status code: 400
. Time: 64.303796ms
. Request body (Content type: application/json):
{
  "password": "string",
  "username": "string"
}
. Response body (Content type: application/json; charset=utf-8):
{
  "error": {
    "message": "Invalid username or password"
  }
}
--------------------------------------------------------------------------
2025/08/11 09:14:17 
. ID: 1754878457200
. Client IP: ::1
. Method: POST
. Path: /api/v1/users
. Language: vi
. Status code: 400
. Time: 52.356604ms
. Request body (Content type: application/json):
{
  "username": "12345",
  "password": "31231222223",
  "birthday": "2020-08-04",
  "full_name": "Phạm Thịnh 123",
  "role": "customer"
}
. Response body (Content type: application/json; charset=utf-8):
{
  "error": {
    "username": "Tên đăng nhập đã được sử dụng"
  }
}
--------------------------------------------------------------------------
2025/08/11 09:14:26 
. ID: 1754878466905
. Client IP: ::1
. Method: POST
. Path: /api/v1/authen/login
. Language: en;q=0.5
. Status code: 400
. Time: 59.704148ms
. Request body (Content type: application/json):
{
  "password": "string",
  "username": "string"
}
. Response body (Content type: application/json; charset=utf-8):
{
  "error": {
    "message": "Invalid username or password"
  }
}
--------------------------------------------------------------------------
2025/08/11 09:14:33 
. ID: 1754878473570
. Client IP: ::1
. Method: POST
. Path: /api/v1/authen/login
. Language: vi
. Status code: 400
. Time: 53.097461ms
. Request body (Content type: application/json):
{
  "password": "string",
  "username": "string"
}
. Response body (Content type: application/json; charset=utf-8):
{
  "error": {
    "message": "Tài khoản hoặc mật khẩu không chính xác"
  }
}
--------------------------------------------------------------------------
2025/08/11 09:17:15 
. ID: 1754878635684
. Client IP: ::1
. Method: POST
. Path: /api/v1/users
. Language: vi
. Status code: 400
. Time: 640.27µs
. Request body (Content type: application/json):
{
  "username": "12345",
  "password": "312312",
  "birthday": "2020-08-04",
  "full_name": "Phạm Thịnh 123",
  "role": "customer"
}
. Response body (Content type: application/json; charset=utf-8):
{
  "error": {
    "password": "Mật khẩu từ 8-36 ký tự, chỉ gồm chữ thường, số, dấu chấm hoặc gạch dưới",
    "username": "Tên đăng nhập đã được sử dụng"
  }
}
--------------------------------------------------------------------------
2025/08/11 09:19:19 
. ID: 1754878759567
. Client IP: ::1
. Method: POST
. Path: /api/v1/users
. Language: vi
. Status code: 400
. Time: 492.613µs
. Request body (Content type: application/json):
{
  "username": "12345",
  "password": "312312",
  "birthday": "2020-08-04",
  "full_name": "Phạm Thịnh 123",
  "role": "customer"
}
. Response body (Content type: application/json; charset=utf-8):
{
  "error": {
    "password": "Mật khẩu từ 8-36 ký tự, chỉ gồm chữ thường, số, dấu chấm hoặc gạch dưới",
    "username": "Tên đăng nhập đã được sử dụng"
  }
}
--------------------------------------------------------------------------
2025/08/11 10:02:17 
. ID: 1754881337698
. Client IP: ::1
. Method: POST
. Path: /api/v1/authen/login
. Language: en;q=0.5
. Status code: 400
. Time: 54.647993ms
. Request body (Content type: application/json):
{
  "password": "string",
  "username": "string"
}
. Response body (Content type: application/json; charset=utf-8):
{
  "error": {
    "message": "Invalid username or password"
  }
}
--------------------------------------------------------------------------
2025/08/11 10:12:27 
. ID: 1754881947197
. Client IP: ::1
. Method: POST
. Path: /api/v1/authen/login
. Language: en;q=0.5
. Status code: 400
. Time: 55.276159ms
. Request body (Content type: application/json):
{
  "password": "string",
  "username": "string"
}
. Response body (Content type: application/json; charset=utf-8):
{
  "error": {
    "message": "Invalid username or password"
  }
}
--------------------------------------------------------------------------
2025/08/11 10:12:41 
. ID: 1754881961450
. Client IP: ::1
. Method: POST
. Path: /api/v1/authen/login
. Language: vi
. Status code: 400
. Time: 52.511937ms
. Request body (Content type: application/json):
{
  "password": "string",
  "username": "string"
}
. Response body (Content type: application/json; charset=utf-8):
{
  "error": {
    "message": "Tài khoản hoặc mật khẩu không chính xác"
  }
}
--------------------------------------------------------------------------
2025/08/11 10:12:47 
. ID: 1754881966947
. Client IP: ::1
. Method: POST
. Path: /api/v1/authen/login
. Language: vi
. Status code: 400
. Time: 53.176769ms
. Request body (Content type: application/json):
{
  "password": "string",
  "username": "string"
}
. Response body (Content type: application/json; charset=utf-8):
{
  "error": {
    "message": "Tài khoản hoặc mật khẩu không chính xác"
  }
}
--------------------------------------------------------------------------
2025/08/11 10:16:35 
. ID: 1754882195091
. Client IP: ::1
. Method: POST
. Path: /api/v1/authen/login
. Language: vi
. Status code: 400
. Time: 53.240119ms
. Request body (Content type: application/json):
{
  "password": "string",
  "username": "string"
}
. Response body (Content type: application/json; charset=utf-8):
{
  "error": {
    "message": "Tài khoản hoặc mật khẩu không chính xác"
  }
}
--------------------------------------------------------------------------
2025/08/11 10:22:52 
. ID: 1754882572331
. Client IP: ::1
. Method: POST
. Path: /api/v1/authen/login
. Language: en;q=0.5
. Status code: 400
. Time: 53.090669ms
. Request body (Content type: application/json):
{
  "password": "string",
  "username": "string"
}
. Response body (Content type: application/json; charset=utf-8):
{
  "error": {
    "message": "Invalid username or password"
  }
}
--------------------------------------------------------------------------
2025/08/11 10:22:57 
. ID: 1754882576986
. Client IP: ::1
. Method: POST
. Path: /api/v1/authen/login
. Language: en;q=0.5
. Status code: 400
. Time: 53.742605ms
. Request body (Content type: application/json):
{
  "password": "string",
  "username": "string"
}
. Response body (Content type: application/json; charset=utf-8):
{
  "error": {
    "message": "Invalid username or password"
  }
}
--------------------------------------------------------------------------
2025/08/11 10:23:08 
. ID: 1754882588667
. Client IP: ::1
. Method: POST
. Path: /api/v1/authen/login
. Language: en;q=0.5
. Status code: 200
. Time: 52.620755ms
. Request body (Content type: application/json):
{
  "password": "12345678",
  "username": "string"
}
. Response body (Content type: application/json; charset=utf-8):
{
  "token": "eyJhbGciOiJIUzI1NiIsInR5cCI6IkpXVCJ9.eyJleHAiOjE3NTc0NzQ1ODgsImlkIjo1NCwic3ViIjoic3RyaW5nIn0.OOZ8EIfxIvygPw5Fl8nui_t4SpesK2tNT4QJSlzltBU"
}
--------------------------------------------------------------------------
2025/08/11 10:23:12 
. ID: 1754882592641
. Client IP: ::1
. Method: POST
. Path: /api/v1/authen/login
. Language: en;q=0.5
. Status code: 200
. Time: 53.291586ms
. Request body (Content type: application/json):
{
  "password": "12345678",
  "username": "string"
}
. Response body (Content type: application/json; charset=utf-8):
{
  "token": "eyJhbGciOiJIUzI1NiIsInR5cCI6IkpXVCJ9.eyJleHAiOjE3NTc0NzQ1OTIsImlkIjo1NCwic3ViIjoic3RyaW5nIn0.yakGqBGWu-msqtO1gL_6Ds4St60ddg_HID28kYwjAJ8"
}
--------------------------------------------------------------------------
2025/08/11 10:23:14 
. ID: 1754882594593
. Client IP: ::1
. Method: POST
. Path: /api/v1/authen/login
. Language: en;q=0.5
. Status code: 200
. Time: 52.874285ms
. Request body (Content type: application/json):
{
  "password": "12345678",
  "username": "string"
}
. Response body (Content type: application/json; charset=utf-8):
{
  "token": "eyJhbGciOiJIUzI1NiIsInR5cCI6IkpXVCJ9.eyJleHAiOjE3NTc0NzQ1OTQsImlkIjo1NCwic3ViIjoic3RyaW5nIn0.EN7g7R8r2E0r50bSya0xkKSjfCX-z7h_zHltuf-1DDs"
}
--------------------------------------------------------------------------
2025/08/11 10:23:43 
. ID: 1754882623101
. Client IP: ::1
. Method: POST
. Path: /api/v1/authen/login
. Language: en;q=0.5
. Status code: 200
. Time: 55.074506ms
. Request body (Content type: application/json):
{
  "password": "12345678",
  "username": "string"
}
. Response body (Content type: application/json; charset=utf-8):
{
  "token": "eyJhbGciOiJIUzI1NiIsInR5cCI6IkpXVCJ9.eyJleHAiOjE3NTc0NzQ2MjMsImlkIjo1NCwic3ViIjoic3RyaW5nIn0.csaXMkwrb7lU6Eem-QEVhK-zsnGyT0OU6NRMyZzm3k8"
}
--------------------------------------------------------------------------
2025/08/11 10:23:45 
. ID: 1754882625326
. Client IP: ::1
. Method: POST
. Path: /api/v1/authen/login
. Language: en;q=0.5
. Status code: 200
. Time: 54.290878ms
. Request body (Content type: application/json):
{
  "password": "12345678",
  "username": "string"
}
. Response body (Content type: application/json; charset=utf-8):
{
  "token": "eyJhbGciOiJIUzI1NiIsInR5cCI6IkpXVCJ9.eyJleHAiOjE3NTc0NzQ2MjUsImlkIjo1NCwic3ViIjoic3RyaW5nIn0.LGB3JkZr8hSMhCsTAGqCRwPz86-QCcAk7UK37QsEmgE"
}
--------------------------------------------------------------------------
2025/08/11 13:26:28 
. ID: 1754893588136
. Client IP: ::1
. Method: POST
. Path: /api/v1/authen/login
. Language: en;q=0.5
. Status code: 200
. Time: 55.437346ms
. Request body (Content type: application/json):
{
  "password": "12345678",
  "username": "string"
}
. Response body (Content type: application/json; charset=utf-8):
{
  "token": "eyJhbGciOiJIUzI1NiIsInR5cCI6IkpXVCJ9.eyJleHAiOjE3NTc0ODU1ODgsImlkIjo1NCwic3ViIjoic3RyaW5nIn0.5vkp7z6F_SL6kuOICp85bVF_X6kxbqLTAhiAaR6dWkM"
}
--------------------------------------------------------------------------
2025/08/11 13:26:39 
. ID: 1754893599163
. Client IP: ::1
. Method: POST
. Path: /api/v1/authen/login
. Language: en;q=0.5
. Status code: 200
. Time: 55.527305ms
. Request body (Content type: application/json):
{
  "password": "12345678",
  "username": "string"
}
. Response body (Content type: application/json; charset=utf-8):
{
  "token": "eyJhbGciOiJIUzI1NiIsInR5cCI6IkpXVCJ9.eyJleHAiOjE3NTc0ODU1OTksImlkIjo1NCwic3ViIjoic3RyaW5nIn0.i5lCR4j1ZniygC_WYqqnMO7REu0ifHknRrjh-BixSPA"
}
--------------------------------------------------------------------------
2025/08/11 13:28:06 
. ID: 1754893686679
. Client IP: ::1
. Method: POST
. Path: /api/v1/authen/login
. Language: en;q=0.5
. Status code: 200
. Time: 61.572357ms
. Request body (Content type: application/json):
{
  "password": "12345678",
  "username": "string"
}
. Response body (Content type: application/json; charset=utf-8):
{
  "token": "eyJhbGciOiJIUzI1NiIsInR5cCI6IkpXVCJ9.eyJleHAiOjE3NTc0ODU2ODYsImlkIjo1NCwic3ViIjoic3RyaW5nIn0.wD6J_x1M2lsNy-Llcb-7plVC6edQ3Aafrw3pQkp3l5U"
}
--------------------------------------------------------------------------
2025/08/11 13:28:15 
. ID: 1754893695544
. Client IP: ::1
. Method: POST
. Path: /api/v1/authen/login
. Language: en;q=0.5
. Status code: 200
. Time: 53.960814ms
. Request body (Content type: application/json):
{
  "password": "12345678",
  "username": "string"
}
. Response body (Content type: application/json; charset=utf-8):
{
  "token": "eyJhbGciOiJIUzI1NiIsInR5cCI6IkpXVCJ9.eyJleHAiOjE3NTc0ODU2OTUsImlkIjo1NCwic3ViIjoic3RyaW5nIn0.pxH8FApXx5IIvFPExdXa9zLjUU93weIvDWllnz6UnJw"
}
--------------------------------------------------------------------------
2025/08/11 13:55:11 
. ID: 1754895311325
. Client IP: ::1
. Method: POST
. Path: /api/v1/authen/login
. Language: en;q=0.5
. Status code: 200
. Time: 54.401104ms
. Request body (Content type: application/json):
{
  "password": "12345678",
  "username": "string"
}
. Response body (Content type: application/json; charset=utf-8):
{
  "token": "eyJhbGciOiJIUzI1NiIsInR5cCI6IkpXVCJ9.eyJleHAiOjE3NTc0ODczMTEsImlkIjo1NCwic3ViIjoic3RyaW5nIn0.rEtDLDtq9PpqgBp282-96vXx0WLB1JiQKBAojjprN0o"
}
--------------------------------------------------------------------------
2025/08/11 15:25:06 
. ID: 1754900706434
. Client IP: ::1
. Method: POST
. Path: /api/v1/authen/login
. Language: en;q=0.5
. Status code: 400
. Time: 54.459116ms
. Request body (Content type: application/json):
{
  "password": "123456",
  "username": "string"
}
. Response body (Content type: application/json; charset=utf-8):
{
  "error": {
    "message": "Invalid username or password"
  }
}
--------------------------------------------------------------------------
2025/08/11 15:28:39 
. ID: 1754900919391
. Client IP: ::1
. Method: POST
. Path: /api/v1/authen/login
. Language: en;q=0.5
. Status code: 200
. Time: 52.082654ms
. Request body (Content type: application/json):
{
  "password": "12345678",
  "username": "string"
}
. Response body (Content type: application/json; charset=utf-8):
{
  "token": "eyJhbGciOiJIUzI1NiIsInR5cCI6IkpXVCJ9.eyJleHAiOjE3NTc0OTI5MTksImlkIjo1NCwic3ViIjoic3RyaW5nIn0.VsbOZgDPqxOrYb4fU7KncIqwrhMixrbAnDdq2JdGJKM"
}
--------------------------------------------------------------------------
2025/08/12 13:45:58 
. ID: 1754981158225
. Client IP: ::1
. Method: POST
. Path: /api/v1/authen/login
. Language: en;q=0.8
. Status code: 400
. Time: 62.662214ms
. Request body (Content type: application/json):
{
  "password": "string",
  "username": "string"
}
. Response body (Content type: application/json; charset=utf-8):
{
  "error": {
    "message": "Invalid username or password"
  }
}
--------------------------------------------------------------------------
2025/08/12 13:46:03 
. ID: 1754981163795
. Client IP: ::1
. Method: POST
. Path: /api/v1/authen/login
. Language: en;q=0.8
. Status code: 200
. Time: 54.092403ms
. Request body (Content type: application/json):
{
  "password": "12345678",
  "username": "string"
}
. Response body (Content type: application/json; charset=utf-8):
{
  "token": "eyJhbGciOiJIUzI1NiIsInR5cCI6IkpXVCJ9.eyJleHAiOjE3NTc1NzMxNjMsImlkIjo1NCwiaXNzIjoiZ28tZGVtby1naW4iLCJzdWIiOiJzdHJpbmcifQ.4wi478kpwHfrddzFwOgJdkM_ExToOprEG_P9c2CNT8g"
}
--------------------------------------------------------------------------
2025/08/12 13:48:04 
. ID: 1754981284376
. Client IP: ::1
. Method: POST
. Path: /api/v1/authen/login
. Language: vi
. Status code: 400
. Time: 55.445244ms
. Request body (Content type: application/json):
{
  "password": "string",
  "username": "string"
}
. Response body (Content type: application/json; charset=utf-8):
{
  "error": {
    "message": "Invalid username or password"
  }
}
--------------------------------------------------------------------------
2025/08/12 13:48:08 
. ID: 1754981288302
. Client IP: ::1
. Method: POST
. Path: /api/v1/users
. Language: vi
. Status code: 400
. Time: 2.973266ms
. Request body (Content type: application/json):
{
  "username": "12345",
  "password": "312312",
  "birthday": "2020-08-04",
  "full_name": "Phạm Thịnh 123",
  "role": "customer"
}
. Response body (Content type: application/json; charset=utf-8):
{
  "error": {
    "password": "Password must be 8–36 characters long and contain only lowercase letters, numbers, dots, or underscores",
    "username": "Username is already taken"
  }
}
--------------------------------------------------------------------------
2025/08/12 13:48:19 
. ID: 1754981299449
. Client IP: ::1
. Method: POST
. Path: /api/v1/users
. Language: vi
. Status code: 400
. Time: 637.283µs
. Request body (Content type: application/json):
{
  "username": "12345",
  "password": "312312",
  "birthday": "2020-08-04",
  "full_name": "Phạm Thịnh 123",
  "role": "customer"
}
. Response body (Content type: application/json; charset=utf-8):
{
  "error": {
    "password": "Password must be 8–36 characters long and contain only lowercase letters, numbers, dots, or underscores",
    "username": "Username is already taken"
  }
}
--------------------------------------------------------------------------
2025/08/12 13:48:20 
. ID: 1754981300067
. Client IP: ::1
. Method: POST
. Path: /api/v1/users
. Language: vi
. Status code: 400
. Time: 894.94µs
. Request body (Content type: application/json):
{
  "username": "12345",
  "password": "312312",
  "birthday": "2020-08-04",
  "full_name": "Phạm Thịnh 123",
  "role": "customer"
}
. Response body (Content type: application/json; charset=utf-8):
{
  "error": {
    "password": "Password must be 8–36 characters long and contain only lowercase letters, numbers, dots, or underscores",
    "username": "Username is already taken"
  }
}
--------------------------------------------------------------------------
2025/08/12 14:00:34 
. ID: 1754982034735
. Client IP: ::1
. Method: POST
. Path: /api/v1/users
. Language: vi
. Status code: 400
. Time: 1.490842ms
. Request body (Content type: application/json):
{
  "username": "12345",
  "password": "312312",
  "birthday": "2020-08-04",
  "full_name": "Phạm Thịnh 123",
  "role": "customer"
}
. Response body (Content type: application/json; charset=utf-8):
{
  "error": {
    "password": "Mật khẩu từ 8-36 ký tự, chỉ gồm chữ thường, số, dấu chấm hoặc gạch dưới",
    "username": "Tên đăng nhập đã được sử dụng"
  }
}
--------------------------------------------------------------------------
2025/08/12 14:00:36 
. ID: 1754982036515
. Client IP: ::1
. Method: POST
. Path: /api/v1/users
. Language: vi
. Status code: 400
. Time: 647.442µs
. Request body (Content type: application/json):
{
  "username": "12345",
  "password": "312312",
  "birthday": "2020-08-04",
  "full_name": "Phạm Thịnh 123",
  "role": "customer"
}
. Response body (Content type: application/json; charset=utf-8):
{
  "error": {
    "password": "Mật khẩu từ 8-36 ký tự, chỉ gồm chữ thường, số, dấu chấm hoặc gạch dưới",
    "username": "Tên đăng nhập đã được sử dụng"
  }
}
--------------------------------------------------------------------------
2025/08/12 14:00:37 
. ID: 1754982037112
. Client IP: ::1
. Method: POST
. Path: /api/v1/users
. Language: vi
. Status code: 400
. Time: 608.041µs
. Request body (Content type: application/json):
{
  "username": "12345",
  "password": "312312",
  "birthday": "2020-08-04",
  "full_name": "Phạm Thịnh 123",
  "role": "customer"
}
. Response body (Content type: application/json; charset=utf-8):
{
  "error": {
    "password": "Mật khẩu từ 8-36 ký tự, chỉ gồm chữ thường, số, dấu chấm hoặc gạch dưới",
    "username": "Tên đăng nhập đã được sử dụng"
  }
}
--------------------------------------------------------------------------
2025/08/12 14:00:38 
. ID: 1754982038086
. Client IP: ::1
. Method: POST
. Path: /api/v1/users
. Language: vi
. Status code: 400
. Time: 604.118µs
. Request body (Content type: application/json):
{
  "username": "12345",
  "password": "312312",
  "birthday": "2020-08-04",
  "full_name": "Phạm Thịnh 123",
  "role": "customer"
}
. Response body (Content type: application/json; charset=utf-8):
{
  "error": {
    "password": "Mật khẩu từ 8-36 ký tự, chỉ gồm chữ thường, số, dấu chấm hoặc gạch dưới",
    "username": "Tên đăng nhập đã được sử dụng"
  }
}
--------------------------------------------------------------------------
2025/08/12 14:00:41 
. ID: 1754982041572
. Client IP: ::1
. Method: POST
. Path: /api/v1/users
. Language: vi
. Status code: 400
. Time: 679.768µs
. Request body (Content type: application/json):
{
  "username": "12345",
  "password": "312312",
  "birthday": "2020-08-04",
  "full_name": "Phạm Thịnh 123",
  "role": "customer"
}
. Response body (Content type: application/json; charset=utf-8):
{
  "error": {
    "password": "Mật khẩu từ 8-36 ký tự, chỉ gồm chữ thường, số, dấu chấm hoặc gạch dưới",
    "username": "Tên đăng nhập đã được sử dụng"
  }
}
--------------------------------------------------------------------------
2025/08/12 14:03:50 
. ID: 1754982230058
. Client IP: ::1
. Method: POST
. Path: /api/v1/users
. Language: vi
. Status code: 400
. Time: 1.495697ms
. Request body (Content type: application/json):
{
  "username": "12345",
  "password": "312312",
  "birthday": "2020-08-04",
  "full_name": "Phạm Thịnh 123",
  "role": "customer"
}
. Response body (Content type: application/json; charset=utf-8):
{
  "error": {
    "password": "Mật khẩu từ 8-36 ký tự, chỉ gồm chữ thường, số, dấu chấm hoặc gạch dưới",
    "username": "Tên đăng nhập đã được sử dụng"
  }
}
--------------------------------------------------------------------------
2025/08/12 14:04:04 
. ID: 1754982244274
. Client IP: ::1
. Method: POST
. Path: /api/v1/users
. Language: vi
. Status code: 400
. Time: 662.828µs
. Request body (Content type: application/json):
{
  "username": "12345",
  "password": "312312",
  "birthday": "2020-08-04",
  "full_name": "Phạm Thịnh 123",
  "role": "customer"
}
. Response body (Content type: application/json; charset=utf-8):
{
  "error": {
    "password": "Mật khẩu từ 8-36 ký tự, chỉ gồm chữ thường, số, dấu chấm hoặc gạch dưới",
    "username": "Tên đăng nhập đã được sử dụng"
  }
}
--------------------------------------------------------------------------
2025/08/12 14:16:01 
. ID: 1754982961755
. Client IP: ::1
. Method: POST
. Path: /api/v1/users
. Language: vi
. Status code: 400
. Time: 672.56µs
. Request body (Content type: application/json):
{
  "username": "12345",
  "password": "312312",
  "birthday": "2020-08-04",
  "full_name": "Phạm Thịnh 123",
  "role": "customer"
}
. Response body (Content type: application/json; charset=utf-8):
{
  "error": {
    "password": "Mật khẩu từ 8-36 ký tự, chỉ gồm chữ thường, số, dấu chấm hoặc gạch dưới",
    "username": "Tên đăng nhập đã được sử dụng"
  }
}
--------------------------------------------------------------------------
2025/08/12 14:16:42 
. ID: 1754983002177
. Client IP: ::1
. Method: POST
. Path: /api/v1/users
. Language: vi
. Status code: 201
. Time: 108.088815ms
. Request body (Content type: application/json):
{
  "username": "12345678",
  "password": "312312566",
  "birthday": "2020-08-04",
  "full_name": "Phạm Thịnh 123",
  "role": "customer"
}
. Response body (Content type: application/json; charset=utf-8):
{
  "id": 67,
  "username": "12345678",
  "full_name": "Phạm Thịnh 123",
  "role": "customer",
  "birthday": "2020-08-04T00:00:00Z",
  "created_at": "2025-08-12T14:16:42.281939485+07:00",
  "updated_at": "2025-08-12T14:16:42.281939485+07:00"
}
--------------------------------------------------------------------------
2025/08/12 14:16:51 
. ID: 1754983011764
. Client IP: ::1
. Method: POST
. Path: /api/v1/users
. Language: vi
. Status code: 400
. Time: 52.866271ms
. Request body (Content type: application/json):
{
  "username": "12345678",
  "password": "312312566",
  "birthday": "2020-08-04",
  "full_name": "Phạm Thịnh 123",
  "role": "customer"
}
. Response body (Content type: application/json; charset=utf-8):
{
  "error": {
    "username": "Tên đăng nhập đã được sử dụng"
  }
}
--------------------------------------------------------------------------
2025/08/12 14:16:56 
. ID: 1754983016492
. Client IP: ::1
. Method: GET
. Path: /api/v1/users?limit=3&page=1&sort=id%20desc&search=
. Language: 
. Status code: 200
. Time: 794.852µs
. Request body (Content type: ):

. Response body (Content type: application/json; charset=utf-8):

--------------------------------------------------------------------------
2025/08/12 14:17:03 
. ID: 1754983023583
. Client IP: ::1
. Method: GET
. Path: /api/v1/users/67
. Language: vi
. Status code: 200
. Time: 1.00747ms
. Request body (Content type: ):

. Response body (Content type: application/json; charset=utf-8):
{
  "id": 67,
  "username": "12345678",
  "full_name": "Phạm Thịnh 123",
  "role": "customer",
  "birthday": "2020-08-04T00:00:00Z",
  "created_at": "2025-08-12T14:16:42.281939+07:00",
  "updated_at": "2025-08-12T14:16:42.281939+07:00"
}
--------------------------------------------------------------------------
2025/08/12 14:17:12 
. ID: 1754983032367
. Client IP: ::1
. Method: PUT
. Path: /api/v1/users/67
. Language: 
. Status code: 401
. Time: 28.263µs
. Request body (Content type: application/json):
{
  "username": "be bung",
  "password": "",
  "birthday": "2020-07-22",
  "full_name": ""
}
. Response body (Content type: application/json; charset=utf-8):
{
  "error": "Missing or invalid Authorization header"
}
--------------------------------------------------------------------------
2025/08/12 14:17:20 
. ID: 1754983040201
. Client IP: ::1
. Method: PUT
. Path: /api/v1/users/67
. Language: 
. Status code: 400
. Time: 417.302µs
. Request body (Content type: application/json):
{
  "username": "be bung",
  "password": "",
  "birthday": "2020-07-22",
  "full_name": ""
}
. Response body (Content type: application/json; charset=utf-8):
{
  "error": {
    "role": "Role is required"
  }
}
--------------------------------------------------------------------------
2025/08/12 14:17:36 
. ID: 1754983056815
. Client IP: ::1
. Method: PUT
. Path: /api/v1/users/67
. Language: 
. Status code: 400
. Time: 379.656µs
. Request body (Content type: application/json):
{
  "username": "be bung",
  "password": "",
  "birthday": "2020-07-22",
  "full_name": "",
  "role": "admin1"
}
. Response body (Content type: application/json; charset=utf-8):
{
  "error": {
    "role": "Role must be one of the following: admin, staff, or customer"
  }
}
--------------------------------------------------------------------------
2025/08/12 14:17:48 
. ID: 1754983068064
. Client IP: ::1
. Method: PUT
. Path: /api/v1/users/67
. Language: vi
. Status code: 400
. Time: 369.596µs
. Request body (Content type: application/json):
{
  "username": "be bung",
  "password": "",
  "birthday": "2020-07-22",
  "full_name": "",
  "role": "admin1"
}
. Response body (Content type: application/json; charset=utf-8):
{
  "error": {
    "role": "Vai trò phải là 1 trong các vai trò: admin, staff, customer"
  }
}
--------------------------------------------------------------------------
2025/08/12 14:17:51 
. ID: 1754983071583
. Client IP: ::1
. Method: PUT
. Path: /api/v1/users/67
. Language: vi
. Status code: 200
. Time: 1.227345ms
. Request body (Content type: application/json):
{
  "username": "be bung",
  "password": "",
  "birthday": "2020-07-22",
  "full_name": "",
  "role": "admin"
}
. Response body (Content type: application/json; charset=utf-8):
{
  "id": 67,
  "username": "12345678",
  "full_name": "",
  "role": "admin",
  "birthday": "2020-07-22T00:00:00Z",
  "created_at": "2025-08-12T14:16:42.281939+07:00",
  "updated_at": "2025-08-12T14:17:51.58425+07:00"
}
--------------------------------------------------------------------------
2025/08/12 14:18:04 
. ID: 1754983084268
. Client IP: ::1
. Method: GET
. Path: /api/v1/users/67
. Language: vi
. Status code: 200
. Time: 568.16µs
. Request body (Content type: ):

. Response body (Content type: application/json; charset=utf-8):
{
  "id": 67,
  "username": "12345678",
  "full_name": "",
  "role": "admin",
  "birthday": "2020-07-22T00:00:00Z",
  "created_at": "2025-08-12T14:16:42.281939+07:00",
  "updated_at": "2025-08-12T14:17:51.58425+07:00"
}
--------------------------------------------------------------------------
2025/08/12 14:18:37 
. ID: 1754983117921
. Client IP: ::1
. Method: PUT
. Path: /api/v1/users/67
. Language: vi
. Status code: 200
. Time: 6.267325ms
. Request body (Content type: application/json):
{
  "username": "be bung",
  "password": "",
  "birthday": "2000-07-22",
  "full_name": "",
  "role": "admin"
}
. Response body (Content type: application/json; charset=utf-8):
{
  "id": 67,
  "username": "12345678",
  "full_name": "",
  "role": "admin",
  "birthday": "2000-07-22T00:00:00Z",
  "created_at": "2025-08-12T14:16:42.281939+07:00",
  "updated_at": "2025-08-12T14:18:37.922357+07:00"
}
--------------------------------------------------------------------------
2025/08/12 14:18:40 
. ID: 1754983120730
. Client IP: ::1
. Method: GET
. Path: /api/v1/users/67
. Language: vi
. Status code: 200
. Time: 526.108µs
. Request body (Content type: ):

. Response body (Content type: application/json; charset=utf-8):
{
  "id": 67,
  "username": "12345678",
  "full_name": "",
  "role": "admin",
  "birthday": "2000-07-22T00:00:00Z",
  "created_at": "2025-08-12T14:16:42.281939+07:00",
  "updated_at": "2025-08-12T14:18:37.922357+07:00"
}
--------------------------------------------------------------------------
2025/08/12 14:29:24 
. ID: 1754983764523
. Client IP: ::1
. Method: POST
. Path: /api/v1/authen/login
. Language: en;q=0.8
. Status code: 400
. Time: 53.104724ms
. Request body (Content type: application/json):
{
  "password": "123456789",
  "username": "string"
}
. Response body (Content type: application/json; charset=utf-8):
{
  "error": {
    "message": "Invalid username or password"
  }
}
--------------------------------------------------------------------------
2025/08/12 14:29:27 
. ID: 1754983767805
. Client IP: ::1
. Method: POST
. Path: /api/v1/authen/login
. Language: en;q=0.8
. Status code: 200
. Time: 52.535071ms
. Request body (Content type: application/json):
{
  "password": "12345678",
  "username": "string"
}
. Response body (Content type: application/json; charset=utf-8):
{
  "token": "eyJhbGciOiJIUzI1NiIsInR5cCI6IkpXVCJ9.eyJleHAiOjE3NTc1NzU3NjcsImlkIjo1NCwiaXNzIjoiZ28tZGVtby1naW4iLCJzdWIiOiJzdHJpbmcifQ.ReFixQBSRwjGl5W7SYTc3yMEeDy4CPI45UyGvmo2B6E"
}
--------------------------------------------------------------------------
2025/08/12 14:36:20 
. ID: 1754984179977
. Client IP: ::1
. Method: POST
. Path: /api/v1/authen/login
. Language: en;q=0.8
. Status code: 200
. Time: 53.75064ms
. Request body (Content type: application/json):
{
  "password": "12345678",
  "username": "string"
}
. Response body (Content type: application/json; charset=utf-8):
{
  "token": "eyJhbGciOiJIUzI1NiIsInR5cCI6IkpXVCJ9.eyJleHAiOjE3NTc1NzYxODAsImlkIjo1NCwiaXNzIjoiZ28tZGVtby1naW4iLCJzdWIiOiJzdHJpbmcifQ.h1bM4QjNqCPnyvtSPfx5WMmDQor3bCB6_OzGn9LzGRg"
}
--------------------------------------------------------------------------
2025/08/12 14:45:08 
. ID: 1754984708290
. Client IP: ::1
. Method: POST
. Path: /api/v1/authen/login
. Language: en;q=0.8
. Status code: 400
. Time: 54.088244ms
. Request body (Content type: application/json):
{
  "password": "string",
  "username": "string"
}
. Response body (Content type: application/json; charset=utf-8):
{
  "error": {
    "message": "Invalid username or password"
  }
}
--------------------------------------------------------------------------
2025/08/12 14:50:40 
. ID: 1754985040406
. Client IP: ::1
. Method: GET
. Path: /api/v1/users?limit=10&page=1&sort=id%20desc
. Language: en;q=0.8
. Status code: 401
. Time: 49.638µs
. Request body (Content type: ):

. Response body (Content type: application/json; charset=utf-8):

--------------------------------------------------------------------------
2025/08/12 14:50:59 
. ID: 1754985059252
. Client IP: ::1
. Method: GET
. Path: /api/v1/users?limit=10&page=1&sort=id%20desc
. Language: en;q=0.8
. Status code: 200
. Time: 2.080824ms
. Request body (Content type: ):

. Response body (Content type: application/json; charset=utf-8):

--------------------------------------------------------------------------
