{"level":"info","msg":"Connected to database","source":"/\"system/\"","time":"2025-08-11T13:31:19+07:00"}
{"level":"info","msg":"Connected to database","source":"\"system\"","time":"2025-08-11T13:31:21+07:00"}
{"level":"info","msg":"Connected to database","source":"system","time":"2025-08-11T13:31:31+07:00"}
time="2025-08-11T13:32:06+07:00" level=info msg="Connected to database" source=system
time="2025-08-11T13:33:34+07:00" level=info msg="Connected to database" source=system
time="2025-08-11T13:33:53+07:00" level=info msg="Connected to database" source=system
time="2025-08-11T13:34:08+07:00" level=info msg="Connected to database" source=system
time="2025-08-11T13:34:17+07:00" level=info msg="Connected to database" source=system
time="2025-08-11T13:34:41+07:00" level=info msg="Connected to database" source=system
time="2025-08-11T13:37:21+07:00" level=info msg="Connected to database" source=""
time="2025-08-11T13:37:37+07:00" level=info msg="Connected to database" source=""
time="2025-08-11T13:37:42+07:00" level=info msg="Connected to database" source=system
time="2025-08-11T13:37:52+07:00" level=info msg="Connected to database" source=system
time="2025-08-11T13:37:58+07:00" level=info msg="Connected to database" source=system
time="2025-08-11T13:53:55+07:00" level="info" msg="Connected to database" source="system"
time="2025-08-11T13:55:03+07:00" level="info" msg="Connected to database" source="system"
time="2025-08-11T13:55:08+07:00" level="info" msg="Connected to database" source="system"
time="2025-08-11T13:55:11+07:00" level="info" msg="Entering the login controller" id="1754895311325" source="service" user_id="0"
time="2025-08-11T13:55:11+07:00" level="info" msg="Entering the login service" id="1754895311325" source="service" user_id="0"
time="2025-08-11T13:55:11+07:00" level="error" msg="Authentication successful for user: string" id="1754895311325" source="service" user_id="0"
time="2025-08-11T14:27:09+07:00" level="info" msg="Connected to database" source="system"
time="2025-08-11T14:27:09+07:00" level="info" msg="Load languare bundle locales/active.en.toml successful" source="system"
time="2025-08-11T14:27:09+07:00" level="info" msg="Load languare bundle locales/active.vi.toml successful" source="system"
time="2025-08-11T14:27:44+07:00" level="info" msg="Connected to database" source="system"
time="2025-08-11T14:27:44+07:00" level="info" msg="Load languare bundle locales/active.en.toml successful" source="system"
time="2025-08-11T14:27:44+07:00" level="info" msg="Load languare bundle locales/active.vi.toml successful" source="system"
time="2025-08-11T14:27:56+07:00" level="info" msg="Connected to database" source="system"
time="2025-08-11T14:27:56+07:00" level="info" msg="Load languare bundle locales/active.en.toml successful" source="system"
time="2025-08-11T14:27:56+07:00" level="info" msg="Load languare bundle locales/active.vi.toml successful" source="system"
time="2025-08-11T14:28:46+07:00" level="info" msg="Connected to database" source="system"
time="2025-08-11T14:28:46+07:00" level="info" msg="Load languare bundle locales/active.en.toml successful" source="system"
time="2025-08-11T14:28:46+07:00" level="info" msg="Load languare bundle locales/active.vi.toml successful" source="system"
time="2025-08-11T14:44:59+07:00" level="info" msg="Connected to database" source="system"
time="2025-08-11T14:44:59+07:00" level="info" msg="Load languare bundle locales/active.en.toml successful" source="system"
time="2025-08-11T14:44:59+07:00" level="info" msg="Load languare bundle locales/active.vi.toml successful" source="system"
time="2025-08-11T14:45:04+07:00" level="info" msg="Connected to database" source="system"
time="2025-08-11T14:45:04+07:00" level="info" msg="Load languare bundle locales/active.en.toml successful" source="system"
time="2025-08-11T14:45:04+07:00" level="info" msg="Load languare bundle locales/active.vi.toml successful" source="system"
time="2025-08-11T14:46:46+07:00" level="info" msg="Connected to database" source="system"
time="2025-08-11T14:46:46+07:00" level="info" msg="Load languare bundle locales/active.en.toml successful" source="system"
time="2025-08-11T14:46:46+07:00" level="fatal" msg="Fail to load languare bundle: locales/active.vi.toml" source="system"
time="2025-08-11T14:47:38+07:00" level="info" msg="Connected to database" source="system"
time="2025-08-11T14:47:38+07:00" level="info" msg="Load languare bundle locales/active.en.toml successful" source="system"
time="2025-08-11T14:47:38+07:00" level="fatal" msg="Fail to load languare bundle: locales/active.vi.toml" source="system"
time="2025-08-11T14:47:51+07:00" level="info" msg="Connected to database" source="system"
time="2025-08-11T14:47:51+07:00" level="info" msg="Load languare bundle locales/active.en.toml successful" source="system"
time="2025-08-11T14:47:51+07:00" level="info" msg="Load languare bundle locales/active.vi.toml successful" source="system"
time="2025-08-11T14:49:10+07:00" level="info" msg="Connected to database" source="system"
time="2025-08-11T14:49:10+07:00" level="info" msg="Load languare bundle locales/active.en.toml successful" source="system"
time="2025-08-11T14:49:10+07:00" level="info" msg="Load languare bundle locales/active.vi.toml successful" source="system"
time="2025-08-11T15:23:58+07:00" level="info" msg=".env file loaded successfully" source="system"
time="2025-08-11T15:23:58+07:00" level="info" msg="Connected to database" source="system"
time="2025-08-11T15:23:58+07:00" level="info" msg="Load languare bundle locales/active.en.toml successful" source="system"
time="2025-08-11T15:23:58+07:00" level="info" msg="Load languare bundle locales/active.vi.toml successful" source="system"
time="2025-08-11T15:24:16+07:00" level="fatal" msg="Fail to load .env file" source="system"
time="2025-08-11T15:24:45+07:00" level="info" msg=".env file loaded successfully" source="system"
time="2025-08-11T15:24:45+07:00" level="info" msg="Connected to database" source="system"
time="2025-08-11T15:24:45+07:00" level="info" msg="Load languare bundle locales/active.en.toml successful" source="system"
time="2025-08-11T15:24:45+07:00" level="info" msg="Load languare bundle locales/active.vi.toml successful" source="system"
time="2025-08-11T15:25:06+07:00" level="info" msg="Entering the login controller" id="1754900706434" source="service" user_id="0"
time="2025-08-11T15:25:06+07:00" level="info" msg="Entering the login service" id="1754900706434" source="service" user_id="0"
time="2025-08-11T15:25:06+07:00" level="error" msg="Authentication failed: Invalid username or password" id="1754900706434" source="service" user_id="0"
time="2025-08-11T15:28:39+07:00" level="info" msg="Entering the login controller" id="1754900919391" source="service" user_id="0"
time="2025-08-11T15:28:39+07:00" level="info" msg="Entering the login service" id="1754900919391" source="service" user_id="0"
time="2025-08-11T15:28:39+07:00" level="error" msg="Authentication successful for user: string" id="1754900919391" source="service" user_id="0"
time="2025-08-12T13:45:52.774588199+07:00" level="warning" msg="No locale files found in embed FS" source="system"
time="2025-08-12T13:45:52.777246445+07:00" level="info" msg="Connected to database" source="system"
time="2025-08-12T13:45:58.225565011+07:00" level="info" msg="Entering the login controller" id="1754981158225" source="service" user_id="0"
time="2025-08-12T13:45:58.225648196+07:00" level="info" msg="Entering the login service" id="1754981158225" source="service" user_id="0"
time="2025-08-12T13:45:58.288141837+07:00" level="error" msg="Authentication failed: Invalid username or password" id="1754981158225" source="service" user_id="0"
time="2025-08-12T13:46:03.795955129+07:00" level="info" msg="Entering the login controller" id="1754981163795" source="service" user_id="0"
time="2025-08-12T13:46:03.796003623+07:00" level="info" msg="Entering the login service" id="1754981163795" source="service" user_id="0"
time="2025-08-12T13:46:03.849958331+07:00" level="error" msg="Authentication successful for user: string" id="1754981163795" source="service" user_id="0"
time="2025-08-12T13:48:04.376743365+07:00" level="info" msg="Entering the login controller" id="1754981284376" source="service" user_id="0"
time="2025-08-12T13:48:04.376797575+07:00" level="info" msg="Entering the login service" id="1754981284376" source="service" user_id="0"
time="2025-08-12T13:48:04.432095924+07:00" level="error" msg="Authentication failed: Invalid username or password" id="1754981284376" source="service" user_id="0"
time="2025-08-12T13:48:08.302754232+07:00" level="info" msg="Entering the create user controller" id="1754981288302" source="service" user_id="53"
time="2025-08-12T13:48:08.305374372+07:00" level="error" msg="Validation failed" id="1754981288302" source="service" user_id="53"
time="2025-08-12T13:48:19.449796599+07:00" level="info" msg="Entering the create user controller" id="1754981299449" source="service" user_id="53"
time="2025-08-12T13:48:19.450054653+07:00" level="error" msg="Validation failed" id="1754981299449" source="service" user_id="53"
time="2025-08-12T13:48:20.067458799+07:00" level="info" msg="Entering the create user controller" id="1754981300067" source="service" user_id="53"
time="2025-08-12T13:48:20.067912961+07:00" level="error" msg="Validation failed" id="1754981300067" source="service" user_id="53"
time="2025-08-12T13:49:41.990500802+07:00" level="warning" msg="No locale files found in embed FS" source="system"
time="2025-08-12T13:49:41.993204736+07:00" level="info" msg="Connected to database" source="system"
time="2025-08-12T13:59:59.973736886+07:00" level="info" msg="Loaded language bundle locales/active.en.toml successfully" source="system"
time="2025-08-12T13:59:59.973879363+07:00" level="info" msg="Loaded language bundle locales/active.vi.toml successfully" source="system"
time="2025-08-12T13:59:59.973892223+07:00" level="info" msg="Loaded language bundle locales/translate.vi.toml successfully" source="system"
time="2025-08-12T13:59:59.976473464+07:00" level="info" msg="Connected to database" source="system"
time="2025-08-12T14:00:09.429543926+07:00" level="info" msg="Loaded language bundle locales/active.en.toml successfully" source="system"
time="2025-08-12T14:00:09.429671556+07:00" level="info" msg="Loaded language bundle locales/active.vi.toml successfully" source="system"
time="2025-08-12T14:00:09.429682598+07:00" level="info" msg="Loaded language bundle locales/translate.vi.toml successfully" source="system"
time="2025-08-12T14:00:09.432323123+07:00" level="info" msg="Connected to database" source="system"
time="2025-08-12T14:00:17.608183608+07:00" level="info" msg="Loaded language bundle locales/active.en.toml successfully" source="system"
time="2025-08-12T14:00:17.608423923+07:00" level="info" msg="Loaded language bundle locales/active.vi.toml successfully" source="system"
time="2025-08-12T14:00:17.608446071+07:00" level="info" msg="Loaded language bundle locales/translate.vi.toml successfully" source="system"
time="2025-08-12T14:00:17.6117794+07:00" level="info" msg="Connected to database" source="system"
time="2025-08-12T14:00:24.72163596+07:00" level="info" msg="Loaded language bundle locales/active.en.toml successfully" source="system"
time="2025-08-12T14:00:24.721779701+07:00" level="info" msg="Loaded language bundle locales/active.vi.toml successfully" source="system"
time="2025-08-12T14:00:24.721792562+07:00" level="info" msg="Loaded language bundle locales/translate.vi.toml successfully" source="system"
time="2025-08-12T14:00:24.724468709+07:00" level="info" msg="Connected to database" source="system"
time="2025-08-12T14:00:34.736692918+07:00" level="info" msg="Entering the create user controller" id="1754982034735" source="service" user_id="53"
time="2025-08-12T14:00:34.737131587+07:00" level="error" msg="Validation failed" id="1754982034735" source="service" user_id="53"
time="2025-08-12T14:00:36.515423418+07:00" level="info" msg="Entering the create user controller" id="1754982036515" source="service" user_id="53"
time="2025-08-12T14:00:36.515688295+07:00" level="error" msg="Validation failed" id="1754982036515" source="service" user_id="53"
time="2025-08-12T14:00:37.113057939+07:00" level="info" msg="Entering the create user controller" id="1754982037112" source="service" user_id="53"
time="2025-08-12T14:00:37.11336172+07:00" level="error" msg="Validation failed" id="1754982037112" source="service" user_id="53"
time="2025-08-12T14:00:38.087228722+07:00" level="info" msg="Entering the create user controller" id="1754982038086" source="service" user_id="53"
time="2025-08-12T14:00:38.087504136+07:00" level="error" msg="Validation failed" id="1754982038086" source="service" user_id="53"
time="2025-08-12T14:00:41.572796179+07:00" level="info" msg="Entering the create user controller" id="1754982041572" source="service" user_id="53"
time="2025-08-12T14:00:41.5730737+07:00" level="error" msg="Validation failed" id="1754982041572" source="service" user_id="53"
time="2025-08-12T14:03:47.872592546+07:00" level="info" msg="Loaded language bundle locales/active.en.toml successfully" source="system"
time="2025-08-12T14:03:47.872740261+07:00" level="info" msg="Loaded language bundle locales/active.vi.toml successfully" source="system"
time="2025-08-12T14:03:47.872752967+07:00" level="info" msg="Loaded language bundle locales/translate.vi.toml successfully" source="system"
time="2025-08-12T14:03:47.875452279+07:00" level="info" msg="Connected to database" source="system"
time="2025-08-12T14:03:50.059636764+07:00" level="info" msg="Entering the create user controller" id="1754982230058" source="service" user_id="53"
time="2025-08-12T14:03:50.060050861+07:00" level="error" msg="Validation failed" id="1754982230058" source="service" user_id="53"
time="2025-08-12T14:04:04.275312883+07:00" level="info" msg="Entering the create user controller" id="1754982244274" source="service" user_id="53"
time="2025-08-12T14:04:04.275600701+07:00" level="error" msg="Validation failed" id="1754982244274" source="service" user_id="53"
time="2025-08-12T14:12:00.168769458+07:00" level="info" msg="Loaded language bundle locales/active.en.toml successfully" source="system"
time="2025-08-12T14:12:00.168944647+07:00" level="info" msg="Loaded language bundle locales/active.vi.toml successfully" source="system"
time="2025-08-12T14:12:00.168957675+07:00" level="info" msg="Loaded language bundle locales/translate.vi.toml successfully" source="system"
time="2025-08-12T14:12:00.171895687+07:00" level="info" msg="Connected to database" source="system"
time="2025-08-12T14:16:01.756142715+07:00" level="info" msg="Entering the create user controller" id="1754982961755" source="service" user_id="53"
time="2025-08-12T14:16:01.756414237+07:00" level="error" msg="Validation failed" id="1754982961755" source="service" user_id="53"
time="2025-08-12T14:16:42.178283122+07:00" level="info" msg="Entering the create user controller" id="1754983002177" source="service" user_id="53"
time="2025-08-12T14:16:42.230110867+07:00" level="info" msg="Entering the create user service" id="1754983002177" source="service" user_id="53"
time="2025-08-12T14:16:51.765238191+07:00" level="info" msg="Entering the create user controller" id="1754983011764" source="service" user_id="53"
time="2025-08-12T14:16:51.817696007+07:00" level="error" msg="Validation failed" id="1754983011764" source="service" user_id="53"
time="2025-08-12T14:16:56.492917658+07:00" level="info" msg="Entering the get list of users controller" id="1754983016492" source="service" user_id="53"
time="2025-08-12T14:16:56.492959011+07:00" level="info" msg="Entering the get list of users service" id="1754983016492" source="service" user_id="53"
time="2025-08-12T14:17:03.583352547+07:00" level="info" msg="Entering the get user by id controller" id="1754983023583" source="service" user_id="53"
time="2025-08-12T14:17:03.583384859+07:00" level="info" msg="Entering the get user by id service" id="1754983023583" source="service" user_id="53"
time="2025-08-12T14:17:20.201302945+07:00" level="info" msg="Entering the update user controller" id="1754983040201" source="service" user_id="53"
time="2025-08-12T14:17:20.201413126+07:00" level="error" msg="Validation failed" id="1754983040201" source="service" user_id="53"
time="2025-08-12T14:17:36.815388434+07:00" level="info" msg="Entering the update user controller" id="1754983056815" source="service" user_id="53"
time="2025-08-12T14:17:36.815486535+07:00" level="error" msg="Validation failed" id="1754983056815" source="service" user_id="53"
time="2025-08-12T14:17:48.064315551+07:00" level="info" msg="Entering the update user controller" id="1754983068064" source="service" user_id="53"
time="2025-08-12T14:17:48.06440446+07:00" level="error" msg="Validation failed" id="1754983068064" source="service" user_id="53"
time="2025-08-12T14:17:51.583875995+07:00" level="info" msg="Entering the update user controller" id="1754983071583" source="service" user_id="53"
time="2025-08-12T14:17:51.58396746+07:00" level="info" msg="Entering the update user service" id="1754983071583" source="service" user_id="53"
time="2025-08-12T14:18:04.268550945+07:00" level="info" msg="Entering the get user by id controller" id="1754983084268" source="service" user_id="53"
time="2025-08-12T14:18:04.268584403+07:00" level="info" msg="Entering the get user by id service" id="1754983084268" source="service" user_id="53"
time="2025-08-12T14:18:37.922027721+07:00" level="info" msg="Entering the update user controller" id="1754983117921" source="service" user_id="53"
time="2025-08-12T14:18:37.922105465+07:00" level="info" msg="Entering the update user service" id="1754983117921" source="service" user_id="53"
time="2025-08-12T14:18:40.731228526+07:00" level="info" msg="Entering the get user by id controller" id="1754983120730" source="service" user_id="53"
time="2025-08-12T14:18:40.731260377+07:00" level="info" msg="Entering the get user by id service" id="1754983120730" source="service" user_id="53"
time="2025-08-12T14:29:15.295648185+07:00" level="info" msg="Loaded language bundle locales/active.en.toml successfully" source="system"
time="2025-08-12T14:29:15.29580256+07:00" level="info" msg="Loaded language bundle locales/active.vi.toml successfully" source="system"
time="2025-08-12T14:29:15.295821473+07:00" level="info" msg="Loaded language bundle locales/translate.vi.toml successfully" source="system"
time="2025-08-12T14:29:15.298496611+07:00" level="info" msg="Connected to database" source="system"
time="2025-08-12T14:29:24.523500233+07:00" level="info" msg="Entering the login controller" id="1754983764523" source="service" user_id="0"
time="2025-08-12T14:29:24.523610432+07:00" level="info" msg="Entering the login service" id="1754983764523" source="service" user_id="0"
time="2025-08-12T14:29:24.576509244+07:00" level="error" msg="Authentication failed: Invalid username or password" id="1754983764523" source="service" user_id="0"
time="2025-08-12T14:29:27.805159337+07:00" level="info" msg="Entering the login controller" id="1754983767805" source="service" user_id="0"
time="2025-08-12T14:29:27.80523634+07:00" level="info" msg="Entering the login service" id="1754983767805" source="service" user_id="0"
time="2025-08-12T14:29:27.857611935+07:00" level="error" msg="Authentication successful for user: string" id="1754983767805" source="service" user_id="0"
time="2025-08-12T14:31:29.612624028+07:00" level="info" msg="Loaded language bundle locales/active.en.toml successfully" source="system"
time="2025-08-12T14:31:29.612778738+07:00" level="info" msg="Loaded language bundle locales/active.vi.toml successfully" source="system"
time="2025-08-12T14:31:29.612794818+07:00" level="info" msg="Loaded language bundle locales/translate.vi.toml successfully" source="system"
time="2025-08-12T14:31:29.615403235+07:00" level="info" msg="Connected to database" source="system"
time="2025-08-12T14:35:49.823289325+07:00" level="info" msg="Loaded language bundle locales/active.en.toml successfully" source="system"
time="2025-08-12T14:35:49.823444032+07:00" level="info" msg="Loaded language bundle locales/active.vi.toml successfully" source="system"
time="2025-08-12T14:35:49.823457352+07:00" level="info" msg="Loaded language bundle locales/translate.vi.toml successfully" source="system"
time="2025-08-12T14:35:49.826148667+07:00" level="info" msg="Connected to database" source="system"
time="2025-08-12T14:36:06.977105535+07:00" level="info" msg="Loaded language bundle locales/active.en.toml successfully" source="system"
time="2025-08-12T14:36:06.977247773+07:00" level="info" msg="Loaded language bundle locales/active.vi.toml successfully" source="system"
time="2025-08-12T14:36:06.97726017+07:00" level="info" msg="Loaded language bundle locales/translate.vi.toml successfully" source="system"
time="2025-08-12T14:36:06.979901436+07:00" level="info" msg="Connected to database" source="system"
time="2025-08-12T14:36:09.998345603+07:00" level="info" msg="Loaded language bundle locales/active.en.toml successfully" source="system"
time="2025-08-12T14:36:09.998548216+07:00" level="info" msg="Loaded language bundle locales/active.vi.toml successfully" source="system"
time="2025-08-12T14:36:09.998564319+07:00" level="info" msg="Loaded language bundle locales/translate.vi.toml successfully" source="system"
time="2025-08-12T14:36:10.001521251+07:00" level="info" msg="Connected to database" source="system"
time="2025-08-12T14:36:19.977682444+07:00" level="info" msg="Entering the login controller" id="1754984179977" source="service" user_id="0"
time="2025-08-12T14:36:19.977787772+07:00" level="info" msg="Entering the login service" id="1754984179977" source="service" user_id="0"
time="2025-08-12T14:36:20.031353054+07:00" level="error" msg="Authentication successful for user: string" id="1754984179977" source="service" user_id="0"
